22/06/03 13:32:22 WARN NativeCodeLoader: Unable to load native-hadoop library for your platform... using builtin-java classes where applicable
22/06/03 13:32:22 INFO SecurityManager: Changing view acls to: root
22/06/03 13:32:22 INFO SecurityManager: Changing modify acls to: root
22/06/03 13:32:22 INFO SecurityManager: Changing view acls groups to: 
22/06/03 13:32:22 INFO SecurityManager: Changing modify acls groups to: 
22/06/03 13:32:22 INFO SecurityManager: SecurityManager: authentication disabled; ui acls disabled; users  with view permissions: Set(root); groups with view permissions: Set(); users  with modify permissions: Set(root); groups with modify permissions: Set()
22/06/03 13:32:23 INFO HiveConf: Found configuration file file:/github/home/spark/spark-3.0.3-bin-hadoop3.2/conf/hive-site.xml
22/06/03 13:32:23 INFO SparkContext: Running Spark version 3.0.3
22/06/03 13:32:23 INFO ResourceUtils: ==============================================================
22/06/03 13:32:23 INFO ResourceUtils: Resources for spark.driver:

22/06/03 13:32:23 INFO ResourceUtils: ==============================================================
22/06/03 13:32:23 INFO SparkContext: Submitted application: sparklyr
22/06/03 13:32:23 INFO SecurityManager: Changing view acls to: root
22/06/03 13:32:23 INFO SecurityManager: Changing modify acls to: root
22/06/03 13:32:23 INFO SecurityManager: Changing view acls groups to: 
22/06/03 13:32:23 INFO SecurityManager: Changing modify acls groups to: 
22/06/03 13:32:23 INFO SecurityManager: SecurityManager: authentication disabled; ui acls disabled; users  with view permissions: Set(root); groups with view permissions: Set(); users  with modify permissions: Set(root); groups with modify permissions: Set()
22/06/03 13:32:23 INFO Utils: Successfully started service 'sparkDriver' on port 34603.
22/06/03 13:32:23 INFO SparkEnv: Registering MapOutputTracker
22/06/03 13:32:23 INFO SparkEnv: Registering BlockManagerMaster
22/06/03 13:32:23 INFO BlockManagerMasterEndpoint: Using org.apache.spark.storage.DefaultTopologyMapper for getting topology information
22/06/03 13:32:23 INFO BlockManagerMasterEndpoint: BlockManagerMasterEndpoint up
22/06/03 13:32:23 INFO SparkEnv: Registering BlockManagerMasterHeartbeat
22/06/03 13:32:23 INFO DiskBlockManager: Created local directory at /tmp/blockmgr-6f13a6c2-79ea-4a2d-b1bc-99f324b40da0
22/06/03 13:32:23 INFO MemoryStore: MemoryStore started with capacity 1048.8 MiB
22/06/03 13:32:23 INFO SparkEnv: Registering OutputCommitCoordinator
22/06/03 13:32:24 INFO Utils: Successfully started service 'SparkUI' on port 4040.
22/06/03 13:32:24 INFO SparkUI: Bound SparkUI to 127.0.0.1, and started at http://localhost:4040
22/06/03 13:32:24 INFO SparkContext: Added JAR file:///root/.ivy2/jars/graphframes_graphframes-0.8.1-spark3.0-s_2.12.jar at spark://localhost:34603/jars/graphframes_graphframes-0.8.1-spark3.0-s_2.12.jar with timestamp 1654263143542
22/06/03 13:32:24 INFO SparkContext: Added JAR file:///root/.ivy2/jars/org.slf4j_slf4j-api-1.7.16.jar at spark://localhost:34603/jars/org.slf4j_slf4j-api-1.7.16.jar with timestamp 1654263143542
22/06/03 13:32:24 INFO SparkContext: Added JAR file:/usr/local/lib/R/site-library/sparklyr/java/sparklyr-master-2.12.jar at spark://localhost:34603/jars/sparklyr-master-2.12.jar with timestamp 1654263143542
22/06/03 13:32:24 INFO Executor: Starting executor ID driver on host localhost
22/06/03 13:32:24 INFO Executor: Fetching spark://localhost:34603/jars/org.slf4j_slf4j-api-1.7.16.jar with timestamp 1654263143542
22/06/03 13:32:24 INFO TransportClientFactory: Successfully created connection to localhost/127.0.0.1:34603 after 18 ms (0 ms spent in bootstraps)
22/06/03 13:32:24 INFO Utils: Fetching spark://localhost:34603/jars/org.slf4j_slf4j-api-1.7.16.jar to /tmp/spark-932ee72c-fbc9-4dd3-875a-e5dfeb8f4c9a/userFiles-641f6763-f750-46d5-9162-1180685f8c3b/fetchFileTemp1002329826999929354.tmp
22/06/03 13:32:24 INFO Executor: Adding file:/tmp/spark-932ee72c-fbc9-4dd3-875a-e5dfeb8f4c9a/userFiles-641f6763-f750-46d5-9162-1180685f8c3b/org.slf4j_slf4j-api-1.7.16.jar to class loader
22/06/03 13:32:24 INFO Executor: Fetching spark://localhost:34603/jars/graphframes_graphframes-0.8.1-spark3.0-s_2.12.jar with timestamp 1654263143542
22/06/03 13:32:24 INFO Utils: Fetching spark://localhost:34603/jars/graphframes_graphframes-0.8.1-spark3.0-s_2.12.jar to /tmp/spark-932ee72c-fbc9-4dd3-875a-e5dfeb8f4c9a/userFiles-641f6763-f750-46d5-9162-1180685f8c3b/fetchFileTemp17365766007498235992.tmp
22/06/03 13:32:24 INFO Executor: Adding file:/tmp/spark-932ee72c-fbc9-4dd3-875a-e5dfeb8f4c9a/userFiles-641f6763-f750-46d5-9162-1180685f8c3b/graphframes_graphframes-0.8.1-spark3.0-s_2.12.jar to class loader
22/06/03 13:32:24 INFO Executor: Fetching spark://localhost:34603/jars/sparklyr-master-2.12.jar with timestamp 1654263143542
22/06/03 13:32:24 INFO Utils: Fetching spark://localhost:34603/jars/sparklyr-master-2.12.jar to /tmp/spark-932ee72c-fbc9-4dd3-875a-e5dfeb8f4c9a/userFiles-641f6763-f750-46d5-9162-1180685f8c3b/fetchFileTemp10725462755212962740.tmp
22/06/03 13:32:24 INFO Executor: Adding file:/tmp/spark-932ee72c-fbc9-4dd3-875a-e5dfeb8f4c9a/userFiles-641f6763-f750-46d5-9162-1180685f8c3b/sparklyr-master-2.12.jar to class loader
22/06/03 13:32:24 INFO Utils: Successfully started service 'org.apache.spark.network.netty.NettyBlockTransferService' on port 45809.
22/06/03 13:32:24 INFO NettyBlockTransferService: Server created on localhost:45809
22/06/03 13:32:24 INFO BlockManager: Using org.apache.spark.storage.RandomBlockReplicationPolicy for block replication policy
22/06/03 13:32:24 INFO BlockManagerMaster: Registering BlockManager BlockManagerId(driver, localhost, 45809, None)
22/06/03 13:32:24 INFO BlockManagerMasterEndpoint: Registering block manager localhost:45809 with 1048.8 MiB RAM, BlockManagerId(driver, localhost, 45809, None)
22/06/03 13:32:24 INFO BlockManagerMaster: Registered BlockManager BlockManagerId(driver, localhost, 45809, None)
22/06/03 13:32:24 INFO BlockManager: Initialized BlockManager: BlockManagerId(driver, localhost, 45809, None)
22/06/03 13:32:24 INFO SharedState: Setting hive.metastore.warehouse.dir ('null') to the value of spark.sql.warehouse.dir ('file:/__w/BioPlexAnalysis/BioPlexAnalysis/docs/reference/spark-warehouse').
22/06/03 13:32:24 INFO SharedState: Warehouse path is 'file:/__w/BioPlexAnalysis/BioPlexAnalysis/docs/reference/spark-warehouse'.
22/06/03 13:32:26 INFO HiveUtils: Initializing HiveMetastoreConnection version 2.3.7 using Spark classes.
22/06/03 13:32:27 INFO SessionState: Created HDFS directory: /tmp/hive/root/2ac61610-415a-4e4d-a651-563b88adbad5
22/06/03 13:32:27 INFO SessionState: Created local directory: /tmp/root/2ac61610-415a-4e4d-a651-563b88adbad5
22/06/03 13:32:27 INFO SessionState: Created HDFS directory: /tmp/hive/root/2ac61610-415a-4e4d-a651-563b88adbad5/_tmp_space.db
22/06/03 13:32:27 INFO HiveClientImpl: Warehouse location for Hive client (version 2.3.7) is file:/__w/BioPlexAnalysis/BioPlexAnalysis/docs/reference/spark-warehouse
22/06/03 13:32:27 WARN HiveConf: HiveConf of name hive.stats.jdbc.timeout does not exist
22/06/03 13:32:27 WARN HiveConf: HiveConf of name hive.stats.retries.wait does not exist
22/06/03 13:32:27 INFO HiveMetaStore: 0: Opening raw store with implementation class:org.apache.hadoop.hive.metastore.ObjectStore
22/06/03 13:32:27 INFO ObjectStore: ObjectStore, initialize called
22/06/03 13:32:27 INFO Persistence: Property hive.metastore.integral.jdo.pushdown unknown - will be ignored
22/06/03 13:32:27 INFO Persistence: Property datanucleus.cache.level2 unknown - will be ignored
22/06/03 13:32:29 INFO ObjectStore: Setting MetaStore object pin classes with hive.metastore.cache.pinobjtypes="Table,StorageDescriptor,SerDeInfo,Partition,Database,Type,FieldSchema,Order"
22/06/03 13:32:30 INFO MetaStoreDirectSql: Using direct SQL, underlying DB is DERBY
22/06/03 13:32:30 INFO ObjectStore: Initialized ObjectStore
22/06/03 13:32:30 WARN ObjectStore: Version information not found in metastore. hive.metastore.schema.verification is not enabled so recording the schema version 2.3.0
22/06/03 13:32:30 WARN ObjectStore: setMetaStoreSchemaVersion called but recording version is disabled: version = 2.3.0, comment = Set by MetaStore UNKNOWN@172.18.0.2
22/06/03 13:32:30 WARN ObjectStore: Failed to get database default, returning NoSuchObjectException
22/06/03 13:32:30 INFO HiveMetaStore: Added admin role in metastore
22/06/03 13:32:30 INFO HiveMetaStore: Added public role in metastore
22/06/03 13:32:30 INFO HiveMetaStore: No user is added in admin role, since config is empty
22/06/03 13:32:30 INFO HiveMetaStore: 0: get_all_functions
22/06/03 13:32:30 INFO audit: ugi=root	ip=unknown-ip-addr	cmd=get_all_functions	
22/06/03 13:32:30 INFO HiveMetaStore: 0: get_database: default
22/06/03 13:32:30 INFO audit: ugi=root	ip=unknown-ip-addr	cmd=get_database: default	
22/06/03 13:32:30 INFO HiveMetaStore: 0: get_database: global_temp
22/06/03 13:32:30 INFO audit: ugi=root	ip=unknown-ip-addr	cmd=get_database: global_temp	
22/06/03 13:32:30 WARN ObjectStore: Failed to get database global_temp, returning NoSuchObjectException
22/06/03 13:32:30 INFO HiveMetaStore: 0: get_database: default
22/06/03 13:32:30 INFO audit: ugi=root	ip=unknown-ip-addr	cmd=get_database: default	
22/06/03 13:32:30 INFO HiveMetaStore: 0: get_database: default
22/06/03 13:32:30 INFO audit: ugi=root	ip=unknown-ip-addr	cmd=get_database: default	
22/06/03 13:32:30 INFO HiveMetaStore: 0: get_tables: db=default pat=*
22/06/03 13:32:30 INFO audit: ugi=root	ip=unknown-ip-addr	cmd=get_tables: db=default pat=*	
22/06/03 13:32:32 INFO CodeGenerator: Code generated in 199.693898 ms
22/06/03 13:32:32 INFO SparkContext: Starting job: collect at utils.scala:26
22/06/03 13:32:32 INFO DAGScheduler: Got job 0 (collect at utils.scala:26) with 1 output partitions
22/06/03 13:32:32 INFO DAGScheduler: Final stage: ResultStage 0 (collect at utils.scala:26)
22/06/03 13:32:32 INFO DAGScheduler: Parents of final stage: List()
22/06/03 13:32:32 INFO DAGScheduler: Missing parents: List()
22/06/03 13:32:32 INFO DAGScheduler: Submitting ResultStage 0 (MapPartitionsRDD[3] at collect at utils.scala:26), which has no missing parents
22/06/03 13:32:32 INFO MemoryStore: Block broadcast_0 stored as values in memory (estimated size 6.4 KiB, free 1048.8 MiB)
22/06/03 13:32:32 INFO MemoryStore: Block broadcast_0_piece0 stored as bytes in memory (estimated size 3.2 KiB, free 1048.8 MiB)
22/06/03 13:32:32 INFO BlockManagerInfo: Added broadcast_0_piece0 in memory on localhost:45809 (size: 3.2 KiB, free: 1048.8 MiB)
22/06/03 13:32:32 INFO SparkContext: Created broadcast 0 from broadcast at DAGScheduler.scala:1223
22/06/03 13:32:32 INFO DAGScheduler: Submitting 1 missing tasks from ResultStage 0 (MapPartitionsRDD[3] at collect at utils.scala:26) (first 15 tasks are for partitions Vector(0))
22/06/03 13:32:32 INFO TaskSchedulerImpl: Adding task set 0.0 with 1 tasks
22/06/03 13:32:32 INFO TaskSetManager: Starting task 0.0 in stage 0.0 (TID 0, localhost, executor driver, partition 0, PROCESS_LOCAL, 7561 bytes)
22/06/03 13:32:32 INFO Executor: Running task 0.0 in stage 0.0 (TID 0)
22/06/03 13:32:32 INFO Executor: Finished task 0.0 in stage 0.0 (TID 0). 1397 bytes result sent to driver
22/06/03 13:32:32 INFO TaskSetManager: Finished task 0.0 in stage 0.0 (TID 0) in 139 ms on localhost (executor driver) (1/1)
22/06/03 13:32:32 INFO TaskSchedulerImpl: Removed TaskSet 0.0, whose tasks have all completed, from pool 
22/06/03 13:32:32 INFO DAGScheduler: ResultStage 0 (collect at utils.scala:26) finished in 0.315 s
22/06/03 13:32:32 INFO DAGScheduler: Job 0 is finished. Cancelling potential speculative or zombie tasks for this job
22/06/03 13:32:32 INFO TaskSchedulerImpl: Killing all running tasks in stage 0: Stage finished
22/06/03 13:32:32 INFO DAGScheduler: Job 0 finished: collect at utils.scala:26, took 0.374052 s
22/06/03 13:32:32 INFO CodeGenerator: Code generated in 22.142745 ms
22/06/03 13:32:33 INFO SparkContext: Starting job: collect at utils.scala:26
22/06/03 13:32:33 INFO DAGScheduler: Got job 1 (collect at utils.scala:26) with 1 output partitions
22/06/03 13:32:33 INFO DAGScheduler: Final stage: ResultStage 1 (collect at utils.scala:26)
22/06/03 13:32:33 INFO DAGScheduler: Parents of final stage: List()
22/06/03 13:32:33 INFO DAGScheduler: Missing parents: List()
22/06/03 13:32:33 INFO DAGScheduler: Submitting ResultStage 1 (MapPartitionsRDD[5] at collect at utils.scala:26), which has no missing parents
22/06/03 13:32:33 INFO MemoryStore: Block broadcast_1 stored as values in memory (estimated size 6.4 KiB, free 1048.8 MiB)
22/06/03 13:32:33 INFO MemoryStore: Block broadcast_1_piece0 stored as bytes in memory (estimated size 3.2 KiB, free 1048.8 MiB)
22/06/03 13:32:33 INFO BlockManagerInfo: Added broadcast_1_piece0 in memory on localhost:45809 (size: 3.2 KiB, free: 1048.8 MiB)
22/06/03 13:32:33 INFO SparkContext: Created broadcast 1 from broadcast at DAGScheduler.scala:1223
22/06/03 13:32:33 INFO DAGScheduler: Submitting 1 missing tasks from ResultStage 1 (MapPartitionsRDD[5] at collect at utils.scala:26) (first 15 tasks are for partitions Vector(0))
22/06/03 13:32:33 INFO TaskSchedulerImpl: Adding task set 1.0 with 1 tasks
22/06/03 13:32:33 INFO TaskSetManager: Starting task 0.0 in stage 1.0 (TID 1, localhost, executor driver, partition 0, PROCESS_LOCAL, 7561 bytes)
22/06/03 13:32:33 INFO Executor: Running task 0.0 in stage 1.0 (TID 1)
22/06/03 13:32:33 INFO Executor: Finished task 0.0 in stage 1.0 (TID 1). 1397 bytes result sent to driver
22/06/03 13:32:33 INFO TaskSetManager: Finished task 0.0 in stage 1.0 (TID 1) in 7 ms on localhost (executor driver) (1/1)
22/06/03 13:32:33 INFO DAGScheduler: ResultStage 1 (collect at utils.scala:26) finished in 0.017 s
22/06/03 13:32:33 INFO DAGScheduler: Job 1 is finished. Cancelling potential speculative or zombie tasks for this job
22/06/03 13:32:33 INFO TaskSchedulerImpl: Removed TaskSet 1.0, whose tasks have all completed, from pool 
22/06/03 13:32:33 INFO TaskSchedulerImpl: Killing all running tasks in stage 1: Stage finished
22/06/03 13:32:33 INFO DAGScheduler: Job 1 finished: collect at utils.scala:26, took 0.019998 s
22/06/03 13:32:34 INFO HiveMetaStore: 0: get_database: default
22/06/03 13:32:34 INFO audit: ugi=root	ip=unknown-ip-addr	cmd=get_database: default	
22/06/03 13:32:34 INFO HiveMetaStore: 0: get_database: default
22/06/03 13:32:34 INFO audit: ugi=root	ip=unknown-ip-addr	cmd=get_database: default	
22/06/03 13:32:34 INFO HiveMetaStore: 0: get_tables: db=default pat=*
22/06/03 13:32:34 INFO audit: ugi=root	ip=unknown-ip-addr	cmd=get_tables: db=default pat=*	
22/06/03 13:32:35 INFO CodeGenerator: Code generated in 14.671863 ms
22/06/03 13:32:35 INFO CodeGenerator: Code generated in 20.419149 ms
22/06/03 13:32:36 INFO BlockManagerInfo: Removed broadcast_0_piece0 on localhost:45809 in memory (size: 3.2 KiB, free: 1048.8 MiB)
22/06/03 13:32:36 INFO BlockManagerInfo: Removed broadcast_1_piece0 on localhost:45809 in memory (size: 3.2 KiB, free: 1048.8 MiB)
22/06/03 13:32:36 INFO CodeGenerator: Code generated in 18.767953 ms
22/06/03 13:32:36 INFO SparkContext: Starting job: collect at utils.scala:26
22/06/03 13:32:36 INFO DAGScheduler: Got job 2 (collect at utils.scala:26) with 1 output partitions
22/06/03 13:32:36 INFO DAGScheduler: Final stage: ResultStage 2 (collect at utils.scala:26)
22/06/03 13:32:36 INFO DAGScheduler: Parents of final stage: List()
22/06/03 13:32:36 INFO DAGScheduler: Missing parents: List()
22/06/03 13:32:36 INFO DAGScheduler: Submitting ResultStage 2 (MapPartitionsRDD[8] at collect at utils.scala:26), which has no missing parents
22/06/03 13:32:36 INFO MemoryStore: Block broadcast_2 stored as values in memory (estimated size 6.5 KiB, free 1048.8 MiB)
22/06/03 13:32:36 INFO MemoryStore: Block broadcast_2_piece0 stored as bytes in memory (estimated size 3.2 KiB, free 1048.8 MiB)
22/06/03 13:32:36 INFO BlockManagerInfo: Added broadcast_2_piece0 in memory on localhost:45809 (size: 3.2 KiB, free: 1048.8 MiB)
22/06/03 13:32:36 INFO SparkContext: Created broadcast 2 from broadcast at DAGScheduler.scala:1223
22/06/03 13:32:36 INFO DAGScheduler: Submitting 1 missing tasks from ResultStage 2 (MapPartitionsRDD[8] at collect at utils.scala:26) (first 15 tasks are for partitions Vector(0))
22/06/03 13:32:36 INFO TaskSchedulerImpl: Adding task set 2.0 with 1 tasks
22/06/03 13:32:36 INFO TaskSetManager: Starting task 0.0 in stage 2.0 (TID 2, localhost, executor driver, partition 0, PROCESS_LOCAL, 7561 bytes)
22/06/03 13:32:36 INFO Executor: Running task 0.0 in stage 2.0 (TID 2)
22/06/03 13:32:36 INFO Executor: Finished task 0.0 in stage 2.0 (TID 2). 1397 bytes result sent to driver
22/06/03 13:32:36 INFO TaskSetManager: Finished task 0.0 in stage 2.0 (TID 2) in 14 ms on localhost (executor driver) (1/1)
22/06/03 13:32:36 INFO TaskSchedulerImpl: Removed TaskSet 2.0, whose tasks have all completed, from pool 
22/06/03 13:32:36 INFO DAGScheduler: ResultStage 2 (collect at utils.scala:26) finished in 0.022 s
22/06/03 13:32:36 INFO DAGScheduler: Job 2 is finished. Cancelling potential speculative or zombie tasks for this job
22/06/03 13:32:36 INFO TaskSchedulerImpl: Killing all running tasks in stage 2: Stage finished
22/06/03 13:32:36 INFO DAGScheduler: Job 2 finished: collect at utils.scala:26, took 0.024518 s
22/06/03 13:32:36 INFO CodeGenerator: Code generated in 6.653884 ms
22/06/03 13:32:36 INFO SparkContext: Starting job: collect at utils.scala:26
22/06/03 13:32:36 INFO DAGScheduler: Got job 3 (collect at utils.scala:26) with 1 output partitions
22/06/03 13:32:36 INFO DAGScheduler: Final stage: ResultStage 3 (collect at utils.scala:26)
22/06/03 13:32:36 INFO DAGScheduler: Parents of final stage: List()
22/06/03 13:32:36 INFO DAGScheduler: Missing parents: List()
22/06/03 13:32:36 INFO DAGScheduler: Submitting ResultStage 3 (MapPartitionsRDD[10] at collect at utils.scala:26), which has no missing parents
22/06/03 13:32:36 INFO MemoryStore: Block broadcast_3 stored as values in memory (estimated size 6.5 KiB, free 1048.8 MiB)
22/06/03 13:32:36 INFO MemoryStore: Block broadcast_3_piece0 stored as bytes in memory (estimated size 3.2 KiB, free 1048.8 MiB)
22/06/03 13:32:36 INFO BlockManagerInfo: Added broadcast_3_piece0 in memory on localhost:45809 (size: 3.2 KiB, free: 1048.8 MiB)
22/06/03 13:32:36 INFO SparkContext: Created broadcast 3 from broadcast at DAGScheduler.scala:1223
22/06/03 13:32:36 INFO DAGScheduler: Submitting 1 missing tasks from ResultStage 3 (MapPartitionsRDD[10] at collect at utils.scala:26) (first 15 tasks are for partitions Vector(0))
22/06/03 13:32:36 INFO TaskSchedulerImpl: Adding task set 3.0 with 1 tasks
22/06/03 13:32:36 INFO TaskSetManager: Starting task 0.0 in stage 3.0 (TID 3, localhost, executor driver, partition 0, PROCESS_LOCAL, 7561 bytes)
22/06/03 13:32:36 INFO Executor: Running task 0.0 in stage 3.0 (TID 3)
22/06/03 13:32:36 INFO Executor: Finished task 0.0 in stage 3.0 (TID 3). 1397 bytes result sent to driver
22/06/03 13:32:36 INFO TaskSetManager: Finished task 0.0 in stage 3.0 (TID 3) in 6 ms on localhost (executor driver) (1/1)
22/06/03 13:32:36 INFO DAGScheduler: ResultStage 3 (collect at utils.scala:26) finished in 0.013 s
22/06/03 13:32:36 INFO DAGScheduler: Job 3 is finished. Cancelling potential speculative or zombie tasks for this job
22/06/03 13:32:36 INFO TaskSchedulerImpl: Removed TaskSet 3.0, whose tasks have all completed, from pool 
22/06/03 13:32:36 INFO TaskSchedulerImpl: Killing all running tasks in stage 3: Stage finished
22/06/03 13:32:36 INFO DAGScheduler: Job 3 finished: collect at utils.scala:26, took 0.016787 s
22/06/03 13:32:36 INFO SparkContext: Starting job: collect at utils.scala:26
22/06/03 13:32:36 INFO DAGScheduler: Got job 4 (collect at utils.scala:26) with 1 output partitions
22/06/03 13:32:36 INFO DAGScheduler: Final stage: ResultStage 4 (collect at utils.scala:26)
22/06/03 13:32:36 INFO DAGScheduler: Parents of final stage: List()
22/06/03 13:32:36 INFO DAGScheduler: Missing parents: List()
22/06/03 13:32:36 INFO DAGScheduler: Submitting ResultStage 4 (MapPartitionsRDD[12] at collect at utils.scala:26), which has no missing parents
22/06/03 13:32:36 INFO MemoryStore: Block broadcast_4 stored as values in memory (estimated size 6.4 KiB, free 1048.8 MiB)
22/06/03 13:32:36 INFO MemoryStore: Block broadcast_4_piece0 stored as bytes in memory (estimated size 3.2 KiB, free 1048.8 MiB)
22/06/03 13:32:36 INFO BlockManagerInfo: Added broadcast_4_piece0 in memory on localhost:45809 (size: 3.2 KiB, free: 1048.8 MiB)
22/06/03 13:32:36 INFO SparkContext: Created broadcast 4 from broadcast at DAGScheduler.scala:1223
22/06/03 13:32:36 INFO DAGScheduler: Submitting 1 missing tasks from ResultStage 4 (MapPartitionsRDD[12] at collect at utils.scala:26) (first 15 tasks are for partitions Vector(0))
22/06/03 13:32:36 INFO TaskSchedulerImpl: Adding task set 4.0 with 1 tasks
22/06/03 13:32:36 INFO TaskSetManager: Starting task 0.0 in stage 4.0 (TID 4, localhost, executor driver, partition 0, PROCESS_LOCAL, 7561 bytes)
22/06/03 13:32:36 INFO Executor: Running task 0.0 in stage 4.0 (TID 4)
22/06/03 13:32:36 INFO Executor: Finished task 0.0 in stage 4.0 (TID 4). 1397 bytes result sent to driver
22/06/03 13:32:36 INFO TaskSetManager: Finished task 0.0 in stage 4.0 (TID 4) in 6 ms on localhost (executor driver) (1/1)
22/06/03 13:32:36 INFO TaskSchedulerImpl: Removed TaskSet 4.0, whose tasks have all completed, from pool 
22/06/03 13:32:36 INFO DAGScheduler: ResultStage 4 (collect at utils.scala:26) finished in 0.013 s
22/06/03 13:32:36 INFO DAGScheduler: Job 4 is finished. Cancelling potential speculative or zombie tasks for this job
22/06/03 13:32:36 INFO TaskSchedulerImpl: Killing all running tasks in stage 4: Stage finished
22/06/03 13:32:36 INFO DAGScheduler: Job 4 finished: collect at utils.scala:26, took 0.015254 s
22/06/03 13:32:37 INFO SparkContext: Starting job: collect at utils.scala:26
22/06/03 13:32:37 INFO DAGScheduler: Got job 5 (collect at utils.scala:26) with 1 output partitions
22/06/03 13:32:37 INFO DAGScheduler: Final stage: ResultStage 5 (collect at utils.scala:26)
22/06/03 13:32:37 INFO DAGScheduler: Parents of final stage: List()
22/06/03 13:32:37 INFO DAGScheduler: Missing parents: List()
22/06/03 13:32:37 INFO DAGScheduler: Submitting ResultStage 5 (MapPartitionsRDD[14] at collect at utils.scala:26), which has no missing parents
22/06/03 13:32:37 INFO MemoryStore: Block broadcast_5 stored as values in memory (estimated size 6.5 KiB, free 1048.8 MiB)
22/06/03 13:32:37 INFO MemoryStore: Block broadcast_5_piece0 stored as bytes in memory (estimated size 3.2 KiB, free 1048.8 MiB)
22/06/03 13:32:37 INFO BlockManagerInfo: Added broadcast_5_piece0 in memory on localhost:45809 (size: 3.2 KiB, free: 1048.8 MiB)
22/06/03 13:32:37 INFO SparkContext: Created broadcast 5 from broadcast at DAGScheduler.scala:1223
22/06/03 13:32:37 INFO DAGScheduler: Submitting 1 missing tasks from ResultStage 5 (MapPartitionsRDD[14] at collect at utils.scala:26) (first 15 tasks are for partitions Vector(0))
22/06/03 13:32:37 INFO TaskSchedulerImpl: Adding task set 5.0 with 1 tasks
22/06/03 13:32:37 INFO TaskSetManager: Starting task 0.0 in stage 5.0 (TID 5, localhost, executor driver, partition 0, PROCESS_LOCAL, 7561 bytes)
22/06/03 13:32:37 INFO Executor: Running task 0.0 in stage 5.0 (TID 5)
22/06/03 13:32:37 INFO Executor: Finished task 0.0 in stage 5.0 (TID 5). 1397 bytes result sent to driver
22/06/03 13:32:37 INFO TaskSetManager: Finished task 0.0 in stage 5.0 (TID 5) in 7 ms on localhost (executor driver) (1/1)
22/06/03 13:32:37 INFO TaskSchedulerImpl: Removed TaskSet 5.0, whose tasks have all completed, from pool 
22/06/03 13:32:37 INFO DAGScheduler: ResultStage 5 (collect at utils.scala:26) finished in 0.017 s
22/06/03 13:32:37 INFO DAGScheduler: Job 5 is finished. Cancelling potential speculative or zombie tasks for this job
22/06/03 13:32:37 INFO TaskSchedulerImpl: Killing all running tasks in stage 5: Stage finished
22/06/03 13:32:37 INFO DAGScheduler: Job 5 finished: collect at utils.scala:26, took 0.019163 s
22/06/03 13:32:58 INFO BlockManagerInfo: Removed broadcast_3_piece0 on localhost:45809 in memory (size: 3.2 KiB, free: 1048.8 MiB)
22/06/03 13:32:58 INFO BlockManagerInfo: Removed broadcast_2_piece0 on localhost:45809 in memory (size: 3.2 KiB, free: 1048.8 MiB)
22/06/03 13:32:59 INFO BlockManagerInfo: Removed broadcast_4_piece0 on localhost:45809 in memory (size: 3.2 KiB, free: 1048.8 MiB)
22/06/03 13:32:59 INFO BlockManagerInfo: Removed broadcast_5_piece0 on localhost:45809 in memory (size: 3.2 KiB, free: 1048.8 MiB)
22/06/03 13:34:07 INFO SparkContext: Invoking stop() from shutdown hook
22/06/03 13:34:07 INFO SparkUI: Stopped Spark web UI at http://localhost:4040
22/06/03 13:34:07 INFO MapOutputTrackerMasterEndpoint: MapOutputTrackerMasterEndpoint stopped!
22/06/03 13:34:07 INFO MemoryStore: MemoryStore cleared
22/06/03 13:34:07 INFO BlockManager: BlockManager stopped
22/06/03 13:34:07 INFO BlockManagerMaster: BlockManagerMaster stopped
22/06/03 13:34:07 INFO OutputCommitCoordinator$OutputCommitCoordinatorEndpoint: OutputCommitCoordinator stopped!
22/06/03 13:34:07 INFO SparkContext: Successfully stopped SparkContext
22/06/03 13:34:07 INFO ShutdownHookManager: Shutdown hook called
22/06/03 13:34:07 INFO ShutdownHookManager: Deleting directory /tmp/spark-8f77084a-5193-435b-a8fe-a82b9600b059
22/06/03 13:34:07 INFO ShutdownHookManager: Deleting directory /tmp/spark-932ee72c-fbc9-4dd3-875a-e5dfeb8f4c9a
